[2021-03-13T13:19:13.380] [DEBUG] cheese - login => username:guigui,password:20021024
[2021-03-13T13:19:13.383] [DEBUG] cheese - guigui
[2021-03-13T13:19:13.615] [DEBUG] cheese - null
[2021-03-13T13:19:13.615] [DEBUG] cheese - null
[2021-03-13T13:19:55.544] [DEBUG] cheese - login => username:guigui,password:20021024
[2021-03-13T13:19:55.544] [DEBUG] cheese - guigui
[2021-03-13T13:19:55.547] [DEBUG] cheese - null
[2021-03-13T13:19:55.547] [DEBUG] cheese - null
[2021-03-13T13:28:02.252] [DEBUG] cheese - login => username:admin,password:123456
[2021-03-13T13:28:02.252] [DEBUG] cheese - admin
[2021-03-13T13:28:02.258] [DEBUG] cheese - null
[2021-03-13T13:28:02.258] [DEBUG] cheese - null
[2021-03-13T13:28:17.179] [DEBUG] cheese - login => username:admin,password:123456
[2021-03-13T13:28:17.179] [DEBUG] cheese - admin
[2021-03-13T13:28:17.181] [DEBUG] cheese - null
[2021-03-13T13:28:17.181] [DEBUG] cheese - null
[2021-03-13T13:33:36.664] [DEBUG] cheese - login => username:admin,password:123456
[2021-03-13T13:33:36.664] [DEBUG] cheese - admin
[2021-03-13T13:33:36.669] [DEBUG] cheese - null
[2021-03-13T13:33:36.669] [DEBUG] cheese - null
[2021-03-13T14:17:54.778] [DEBUG] cheese - login => username:admin,password:123456
[2021-03-13T14:17:54.779] [DEBUG] cheese - admin
[2021-03-13T14:17:54.905] [DEBUG] cheese - null
[2021-03-13T14:17:54.905] [DEBUG] cheese - null
[2021-03-13T14:21:03.702] [DEBUG] cheese - login => username:admin,password:123456
[2021-03-13T14:21:03.703] [DEBUG] cheese - admin
[2021-03-13T14:21:03.705] [DEBUG] cheese - null
[2021-03-13T14:21:03.705] [DEBUG] cheese - null
[2021-03-13T14:33:19.823] [DEBUG] cheese - login => username:admin,password:123456
[2021-03-13T14:33:19.823] [DEBUG] cheese - admin
[2021-03-13T14:33:19.826] [DEBUG] cheese - null
[2021-03-13T14:33:19.826] [DEBUG] cheese - null
[2021-03-13T14:38:23.281] [DEBUG] cheese - login => username:admin,password:123456
[2021-03-13T14:38:23.281] [DEBUG] cheese - admin
[2021-03-13T14:38:23.283] [DEBUG] cheese - null
[2021-03-13T14:38:23.283] [DEBUG] cheese - null
[2021-03-13T14:57:46.205] [DEBUG] cheese - login => username:admin,password:123456
[2021-03-13T14:57:46.205] [DEBUG] cheese - admin
[2021-03-13T14:57:46.310] [DEBUG] cheese - null
[2021-03-13T14:57:46.311] [DEBUG] cheese - null
[2021-03-13T14:59:30.409] [DEBUG] cheese - login => username:admin,password:123456
[2021-03-13T14:59:30.410] [DEBUG] cheese - admin
[2021-03-13T14:59:30.412] [DEBUG] cheese - null
[2021-03-13T14:59:30.412] [DEBUG] cheese - null
[2021-03-13T15:08:37.015] [DEBUG] cheese - login => username:admin,password:123456
[2021-03-13T15:08:37.015] [DEBUG] cheese - admin
[2021-03-13T15:08:37.017] [DEBUG] cheese - null
[2021-03-13T15:08:37.017] [DEBUG] cheese - null
[2021-03-14T18:06:52.410] [DEBUG] cheese - login => username:admin,password:123456
[2021-03-14T18:06:52.449] [DEBUG] cheese - admin
[2021-03-14T18:06:52.613] [DEBUG] cheese - null
[2021-03-14T18:06:52.616] [DEBUG] cheese - null
[2021-03-14T18:49:26.490] [DEBUG] cheese - login => username:admin,password:123456
[2021-03-14T18:49:26.491] [DEBUG] cheese - admin
[2021-03-14T18:49:26.500] [DEBUG] cheese - null
[2021-03-14T18:49:26.500] [DEBUG] cheese - null
[2021-03-14T21:54:58.251] [DEBUG] cheese - login => username:dawdaw,password:123456
[2021-03-14T21:54:58.251] [DEBUG] cheese - dawdaw
[2021-03-14T21:54:58.253] [DEBUG] cheese - null
[2021-03-14T21:54:58.253] [DEBUG] cheese - null
[2021-03-14T21:55:01.996] [DEBUG] cheese - login => username:Ghost,password:123456
[2021-03-14T21:55:01.996] [DEBUG] cheese - Ghost
[2021-03-14T21:55:01.998] [DEBUG] cheese - null
[2021-03-14T21:55:01.998] [DEBUG] cheese - null
[2021-03-15T08:49:28.159] [DEBUG] cheese - login => username:Ghost,password:123456
[2021-03-15T08:49:28.162] [DEBUG] cheese - Ghost
[2021-03-15T08:49:28.321] [DEBUG] cheese - null
[2021-03-15T08:49:28.322] [DEBUG] cheese - null
[2021-03-15T10:07:34.118] [DEBUG] cheese - login => username:Ghost,password:123456
[2021-03-15T10:07:34.118] [DEBUG] cheese - Ghost
[2021-03-15T10:07:34.121] [DEBUG] cheese - null
[2021-03-15T10:07:34.121] [DEBUG] cheese - null
[2021-03-15T16:02:35.563] [DEBUG] cheese - login => username:Ghost,password:123456
[2021-03-15T16:02:35.565] [DEBUG] cheese - Ghost
[2021-03-15T16:02:35.568] [DEBUG] cheese - null
[2021-03-15T16:02:35.568] [DEBUG] cheese - null
[2021-03-15T19:17:44.318] [DEBUG] cheese - login => username:Ghost,password:123456
[2021-03-15T19:17:44.318] [DEBUG] cheese - Ghost
[2021-03-15T19:17:44.320] [DEBUG] cheese - null
[2021-03-15T19:17:44.320] [DEBUG] cheese - null
[2021-03-15T20:13:02.083] [DEBUG] cheese - null
[2021-03-15T20:14:58.100] [DEBUG] cheese - null
[2021-03-15T20:17:26.279] [DEBUG] cheese - null
[2021-03-15T20:18:03.717] [DEBUG] cheese - null
[2021-03-15T20:18:12.359] [DEBUG] cheese - null
[2021-03-15T20:18:17.812] [DEBUG] cheese - null
[2021-03-15T20:20:51.162] [DEBUG] cheese - null
[2021-03-15T20:20:55.140] [DEBUG] cheese - null
[2021-03-15T20:20:57.084] [DEBUG] cheese - null
